[0.054s] Invoking command in '/workspace/build/action_tutorials_interfaces': CMAKE_PREFIX_PATH=${CMAKE_PREFIX_PATH}:/workspace/install/srvcli:/workspace/install/pubsub:/workspace/install/my_py_pkg:/workspace/install/my_package:/opt/ros/humble /usr/bin/cmake --build /workspace/build/action_tutorials_interfaces -- -j12 -l12
[0.581s] -- Found ament_cmake: 1.3.3 (/opt/ros/humble/share/ament_cmake/cmake)
[0.582s] -- Found ament_lint_auto: 0.12.5 (/opt/ros/humble/share/ament_lint_auto/cmake)
[0.583s] -- Found rosidl_default_generators: 1.2.0 (/opt/ros/humble/share/rosidl_default_generators/cmake)
[0.583s] -- Using all available rosidl_typesupport_c: rosidl_typesupport_fastrtps_c;rosidl_typesupport_introspection_c
[0.584s] -- Found rosidl_adapter: 3.1.4 (/opt/ros/humble/share/rosidl_adapter/cmake)
[0.584s] -- Using all available rosidl_typesupport_cpp: rosidl_typesupport_fastrtps_cpp;rosidl_typesupport_introspection_cpp
[0.584s] -- Configuring incomplete, errors occurred!
[0.585s] See also "/workspace/build/action_tutorials_interfaces/CMakeFiles/CMakeOutput.log".
[0.585s] [31mCMake Error at /opt/ros/humble/share/rosidl_adapter/cmake/rosidl_adapt_interfaces.cmake:59 (message):
[0.585s]   execute_process(/usr/bin/python3.10 -m rosidl_adapter --package-name
[0.585s]   action_tutorials_interfaces --arguments-file
[0.585s]   /workspace/build/action_tutorials_interfaces/rosidl_adapter__arguments__action_tutorials_interfaces.json
[0.585s]   --output-dir
[0.586s]   /workspace/build/action_tutorials_interfaces/rosidl_adapter/action_tutorials_interfaces
[0.586s]   --output-file
[0.586s]   /workspace/build/action_tutorials_interfaces/rosidl_adapter/action_tutorials_interfaces.idls)
[0.586s]   returned error code 1:
[0.586s] 
[0.586s]   Traceback (most recent call last):
[0.586s] 
[0.586s]     File "/usr/lib/python3.10/runpy.py", line 196, in _run_module_as_main
[0.586s]       return _run_code(code, main_globals, None,
[0.587s]     File "/usr/lib/python3.10/runpy.py", line 86, in _run_code
[0.587s]       exec(code, run_globals)
[0.587s]     File "/opt/ros/humble/local/lib/python3.10/dist-packages/rosidl_adapter/__main__.py", line 19, in <module>
[0.587s]       sys.exit(main())
[0.587s]     File "/opt/ros/humble/local/lib/python3.10/dist-packages/rosidl_adapter/main.py", line 53, in main
[0.587s]       abs_idl_file = convert_to_idl(
[0.587s]     File "/opt/ros/humble/local/lib/python3.10/dist-packages/rosidl_adapter/__init__.py", line 29, in convert_to_idl
[0.587s]       return convert_action_to_idl(
[0.588s]     File "/opt/ros/humble/local/lib/python3.10/dist-packages/rosidl_adapter/action/__init__.py", line 28, in convert_action_to_idl
[0.588s]       action = parse_action_string(package_name, input_file.stem, content)
[0.588s]     File "/opt/ros/humble/local/lib/python3.10/dist-packages/rosidl_adapter/parser.py", line 894, in parse_action_string
[0.588s]       raise InvalidActionSpecification(
[0.588s] 
[0.588s]   rosidl_adapter.parser.InvalidActionSpecification: Number of '---'
[0.588s]   separators nonconformant with action definition
[0.588s] 
[0.588s] Call Stack (most recent call first):
[0.589s]   /opt/ros/humble/share/rosidl_cmake/cmake/rosidl_generate_interfaces.cmake:130 (rosidl_adapt_interfaces)
[0.589s]   CMakeLists.txt:27 (rosidl_generate_interfaces)
[0.589s] 
[0.589s] [0m
[0.589s] gmake: *** [Makefile:747: cmake_check_build_system] Error 1
[0.811s] Invoked command in '/workspace/build/action_tutorials_interfaces' returned '2': CMAKE_PREFIX_PATH=${CMAKE_PREFIX_PATH}:/workspace/install/srvcli:/workspace/install/pubsub:/workspace/install/my_py_pkg:/workspace/install/my_package:/opt/ros/humble /usr/bin/cmake --build /workspace/build/action_tutorials_interfaces -- -j12 -l12
